<?xml version="1.0" encoding="UTF-8"?>
<!-- Generated by org.testng.reporters.JUnitReportReporter -->
<testsuite hostname="DESKTOP-5B1KL7O" failures="0" tests="1"
	name="Shaktiacademy.tests.ErrorValidations" time="19.970" errors="0"
	timestamp="2024-02-13T00:10:43 IST" skipped="0">
	<testcase classname="Shaktiacademy.tests.ErrorValidations"
		name="submitOrder" time="19.970" />
</testsuite> <!-- Shaktiacademy.tests.ErrorValidations -->
