<?xml version="1.0" encoding="UTF-8"?>
<!-- Generated by org.testng.reporters.JUnitReportReporter -->
<testsuite hostname="DESKTOP-5B1KL7O" failures="0" tests="2" name="Shaktiacademy.tests.ErrorValidationTest" time="37.568" errors="0" timestamp="2024-02-22T00:55:23 IST" skipped="0">
  <testcase classname="Shaktiacademy.tests.ErrorValidationTest" name="loginErrorValidation" time="8.975"/>
  <testcase classname="Shaktiacademy.tests.ErrorValidationTest" name="productErrorValidation" time="28.593"/>
</testsuite> <!-- Shaktiacademy.tests.ErrorValidationTest -->
