<?xml version="1.0" encoding="UTF-8"?>
<!-- Generated by org.testng.reporters.JUnitReportReporter -->
<testsuite hostname="DESKTOP-5B1KL7O" failures="0" tests="3" name="Shaktiacademy.tests.SubmitOrderTest" time="49.293" errors="0" timestamp="2024-02-22T00:55:23 IST" skipped="0">
  <testcase classname="Shaktiacademy.tests.SubmitOrderTest" name="submitOrder" time="28.653"/>
  <testcase classname="Shaktiacademy.tests.SubmitOrderTest" name="submitOrder" time="13.135"/>
  <testcase classname="Shaktiacademy.tests.SubmitOrderTest" name="checkorder" time="7.505"/>
</testsuite> <!-- Shaktiacademy.tests.SubmitOrderTest -->
